<?xml version="1.0" encoding="UTF-8"?>
<testng-results ignored="0" total="2" passed="2" failed="0" skipped="0">
  <reporter-output>
  </reporter-output>
  <suite started-at="2020-03-18T18:26:47 IST" name="Default suite" finished-at="2020-03-18T18:27:09 IST" duration-ms="21589">
    <groups>
    </groups>
    <test started-at="2020-03-18T18:26:47 IST" name="Default test" finished-at="2020-03-18T18:27:09 IST" duration-ms="21589">
      <class name="com.aerosimple.testcases.LoginPageTest">
        <test-method is-config="true" signature="setUp()[pri:0, instance:com.aerosimple.testcases.LoginPageTest@6e75aa0d]" started-at="2020-03-18T18:26:47 IST" name="setUp" finished-at="2020-03-18T18:26:59 IST" duration-ms="12071" status="PASS">
          <reporter-output>
          </reporter-output>
        </test-method> <!-- setUp -->
        <test-method signature="loginPageTitleTest()[pri:1, instance:com.aerosimple.testcases.LoginPageTest@6e75aa0d]" started-at="2020-03-18T18:26:59 IST" name="loginPageTitleTest" finished-at="2020-03-18T18:26:59 IST" duration-ms="22" status="PASS">
          <reporter-output>
          </reporter-output>
        </test-method> <!-- loginPageTitleTest -->
        <test-method is-config="true" signature="tearDown()[pri:0, instance:com.aerosimple.testcases.LoginPageTest@6e75aa0d]" started-at="2020-03-18T18:26:59 IST" name="tearDown" finished-at="2020-03-18T18:26:59 IST" duration-ms="172" status="PASS">
          <reporter-output>
          </reporter-output>
        </test-method> <!-- tearDown -->
        <test-method is-config="true" signature="setUp()[pri:0, instance:com.aerosimple.testcases.LoginPageTest@6e75aa0d]" started-at="2020-03-18T18:26:59 IST" name="setUp" finished-at="2020-03-18T18:27:08 IST" duration-ms="8366" status="PASS">
          <reporter-output>
          </reporter-output>
        </test-method> <!-- setUp -->
        <test-method signature="LoginTest()[pri:2, instance:com.aerosimple.testcases.LoginPageTest@6e75aa0d]" started-at="2020-03-18T18:27:08 IST" name="LoginTest" finished-at="2020-03-18T18:27:09 IST" duration-ms="740" status="PASS">
          <reporter-output>
          </reporter-output>
        </test-method> <!-- LoginTest -->
        <test-method is-config="true" signature="tearDown()[pri:0, instance:com.aerosimple.testcases.LoginPageTest@6e75aa0d]" started-at="2020-03-18T18:27:09 IST" name="tearDown" finished-at="2020-03-18T18:27:09 IST" duration-ms="158" status="PASS">
          <reporter-output>
          </reporter-output>
        </test-method> <!-- tearDown -->
      </class> <!-- com.aerosimple.testcases.LoginPageTest -->
    </test> <!-- Default test -->
  </suite> <!-- Default suite -->
</testng-results>
